mode: set
github.com/ryanfowler/red/resp/reader.go:14.37,16.2 1 1
github.com/ryanfowler/red/resp/reader.go:18.34,20.16 2 1
github.com/ryanfowler/red/resp/reader.go:23.2,23.17 1 1
github.com/ryanfowler/red/resp/reader.go:26.2,29.11 3 1
github.com/ryanfowler/red/resp/reader.go:20.16,22.3 1 0
github.com/ryanfowler/red/resp/reader.go:23.17,25.3 1 1
github.com/ryanfowler/red/resp/reader.go:30.17,31.40 1 1
github.com/ryanfowler/red/resp/reader.go:32.37,33.13 1 1
github.com/ryanfowler/red/resp/reader.go:34.17,35.27 1 1
github.com/ryanfowler/red/resp/reader.go:36.22,37.32 1 1
github.com/ryanfowler/red/resp/reader.go:38.10,39.71 1 1
github.com/ryanfowler/red/resp/reader.go:43.47,45.16 2 1
github.com/ryanfowler/red/resp/reader.go:48.2,49.29 2 1
github.com/ryanfowler/red/resp/reader.go:59.2,59.12 1 1
github.com/ryanfowler/red/resp/reader.go:45.16,47.3 1 1
github.com/ryanfowler/red/resp/reader.go:49.29,51.17 2 1
github.com/ryanfowler/red/resp/reader.go:54.3,54.41 1 1
github.com/ryanfowler/red/resp/reader.go:57.3,57.13 1 0
github.com/ryanfowler/red/resp/reader.go:51.17,52.12 1 1
github.com/ryanfowler/red/resp/reader.go:54.41,56.4 1 1
github.com/ryanfowler/red/resp/reader.go:62.52,64.16 2 1
github.com/ryanfowler/red/resp/reader.go:67.2,67.11 1 1
github.com/ryanfowler/red/resp/reader.go:73.2,73.25 1 1
github.com/ryanfowler/red/resp/reader.go:79.2,79.12 1 1
github.com/ryanfowler/red/resp/reader.go:64.16,66.3 1 1
github.com/ryanfowler/red/resp/reader.go:67.11,69.17 2 1
github.com/ryanfowler/red/resp/reader.go:69.17,71.4 1 0
github.com/ryanfowler/red/resp/reader.go:73.25,75.17 2 1
github.com/ryanfowler/red/resp/reader.go:75.17,77.4 1 0
github.com/ryanfowler/red/resp/reader.go:82.47,84.16 2 1
github.com/ryanfowler/red/resp/reader.go:87.2,87.24 1 1
github.com/ryanfowler/red/resp/reader.go:84.16,86.3 1 0
github.com/ryanfowler/red/resp/reader.go:88.17,89.24 1 1
github.com/ryanfowler/red/resp/reader.go:90.22,91.29 1 1
github.com/ryanfowler/red/resp/reader.go:92.17,93.24 1 1
github.com/ryanfowler/red/resp/reader.go:94.19,95.26 1 1
github.com/ryanfowler/red/resp/reader.go:96.24,97.31 1 1
github.com/ryanfowler/red/resp/reader.go:98.10,99.67 1 0
github.com/ryanfowler/red/resp/reader.go:103.49,105.16 2 1
github.com/ryanfowler/red/resp/reader.go:108.2,109.16 2 1
github.com/ryanfowler/red/resp/reader.go:112.2,112.20 1 1
github.com/ryanfowler/red/resp/reader.go:105.16,107.3 1 0
github.com/ryanfowler/red/resp/reader.go:109.16,111.3 1 0
github.com/ryanfowler/red/resp/reader.go:115.53,118.2 2 1
github.com/ryanfowler/red/resp/reader.go:120.58,123.2 2 1
github.com/ryanfowler/red/resp/reader.go:125.57,128.2 2 1
github.com/ryanfowler/red/resp/reader.go:130.56,132.16 2 1
github.com/ryanfowler/red/resp/reader.go:135.2,136.16 2 1
github.com/ryanfowler/red/resp/reader.go:139.2,139.16 1 1
github.com/ryanfowler/red/resp/reader.go:142.2,144.16 3 1
github.com/ryanfowler/red/resp/reader.go:147.2,147.31 1 1
github.com/ryanfowler/red/resp/reader.go:150.2,150.26 1 1
github.com/ryanfowler/red/resp/reader.go:132.16,134.3 1 0
github.com/ryanfowler/red/resp/reader.go:136.16,138.3 1 0
github.com/ryanfowler/red/resp/reader.go:139.16,141.3 1 1
github.com/ryanfowler/red/resp/reader.go:144.16,146.3 1 0
github.com/ryanfowler/red/resp/reader.go:147.31,149.3 1 0
github.com/ryanfowler/red/resp/reader.go:153.47,155.16 2 1
github.com/ryanfowler/red/resp/reader.go:158.2,159.16 2 1
github.com/ryanfowler/red/resp/reader.go:162.2,162.15 1 1
github.com/ryanfowler/red/resp/reader.go:155.16,157.3 1 0
github.com/ryanfowler/red/resp/reader.go:159.16,161.3 1 0
github.com/ryanfowler/red/resp/reader.go:165.53,168.2 2 1
github.com/ryanfowler/red/resp/reader.go:170.36,172.16 2 1
github.com/ryanfowler/red/resp/reader.go:175.2,175.39 1 1
github.com/ryanfowler/red/resp/reader.go:172.16,174.3 1 1
github.com/ryanfowler/red/resp/reader.go:178.29,179.14 1 1
github.com/ryanfowler/red/resp/reader.go:182.2,184.10 3 1
github.com/ryanfowler/red/resp/reader.go:179.14,181.3 1 0
github.com/ryanfowler/red/resp/reader.go:187.60,189.16 2 1
github.com/ryanfowler/red/resp/reader.go:192.2,193.16 2 1
github.com/ryanfowler/red/resp/reader.go:196.2,196.19 1 1
github.com/ryanfowler/red/resp/reader.go:189.16,191.3 1 0
github.com/ryanfowler/red/resp/reader.go:193.16,195.3 1 1
github.com/ryanfowler/red/resp/reader.go:199.45,201.16 2 1
github.com/ryanfowler/red/resp/reader.go:204.2,204.23 1 1
github.com/ryanfowler/red/resp/reader.go:207.2,207.26 1 1
github.com/ryanfowler/red/resp/reader.go:201.16,203.3 1 0
github.com/ryanfowler/red/resp/reader.go:204.23,206.3 1 0
github.com/ryanfowler/red/resp/reader.go:210.45,211.16 1 1
github.com/ryanfowler/red/resp/reader.go:214.2,214.21 1 1
github.com/ryanfowler/red/resp/reader.go:217.2,217.29 1 1
github.com/ryanfowler/red/resp/reader.go:220.2,222.91 3 1
github.com/ryanfowler/red/resp/reader.go:211.16,213.3 1 0
github.com/ryanfowler/red/resp/reader.go:214.21,216.3 1 1
github.com/ryanfowler/red/resp/reader.go:217.29,219.3 1 0
github.com/ryanfowler/red/resp/reader.go:225.50,227.16 2 1
github.com/ryanfowler/red/resp/reader.go:230.2,230.12 1 1
github.com/ryanfowler/red/resp/reader.go:233.2,233.12 1 1
github.com/ryanfowler/red/resp/reader.go:227.16,229.3 1 0
github.com/ryanfowler/red/resp/reader.go:230.12,232.3 1 0
github.com/ryanfowler/red/resp/reader.go:236.40,237.17 1 1
github.com/ryanfowler/red/resp/reader.go:241.2,242.17 2 1
github.com/ryanfowler/red/resp/reader.go:250.2,251.22 2 1
github.com/ryanfowler/red/resp/reader.go:257.2,257.14 1 1
github.com/ryanfowler/red/resp/reader.go:261.2,261.17 1 1
github.com/ryanfowler/red/resp/reader.go:237.17,239.3 1 0
github.com/ryanfowler/red/resp/reader.go:242.17,245.18 3 1
github.com/ryanfowler/red/resp/reader.go:245.18,247.4 1 0
github.com/ryanfowler/red/resp/reader.go:251.22,252.25 1 1
github.com/ryanfowler/red/resp/reader.go:255.3,255.34 1 1
github.com/ryanfowler/red/resp/reader.go:252.25,254.4 1 1
github.com/ryanfowler/red/resp/reader.go:257.14,259.3 1 1
github.com/ryanfowler/red/resp/reader.go:264.34,266.2 1 1
github.com/ryanfowler/red/resp/reader.go:268.35,270.2 1 1
github.com/ryanfowler/red/resp/resp.go:19.36,21.2 1 1
github.com/ryanfowler/red/resp/resp.go:23.40,24.11 1 1
github.com/ryanfowler/red/resp/resp.go:25.17,26.17 1 0
github.com/ryanfowler/red/resp/resp.go:27.22,28.23 1 0
github.com/ryanfowler/red/resp/resp.go:29.19,30.19 1 0
github.com/ryanfowler/red/resp/resp.go:31.17,32.17 1 1
github.com/ryanfowler/red/resp/resp.go:33.24,34.25 1 1
github.com/ryanfowler/red/resp/resp.go:35.10,36.53 1 0
github.com/ryanfowler/red/resp/resp.go:44.40,46.2 1 1
github.com/ryanfowler/red/resp/resp.go:48.35,49.39 1 1
github.com/ryanfowler/red/resp/resp.go:52.2,52.13 1 1
github.com/ryanfowler/red/resp/resp.go:49.39,51.3 1 1
github.com/ryanfowler/red/resp/writer.go:15.37,17.2 1 0
github.com/ryanfowler/red/resp/writer.go:19.32,21.16 2 0
github.com/ryanfowler/red/resp/writer.go:24.2,24.12 1 0
github.com/ryanfowler/red/resp/writer.go:21.16,23.3 1 0
github.com/ryanfowler/red/resp/writer.go:27.48,29.16 2 0
github.com/ryanfowler/red/resp/writer.go:32.2,32.12 1 0
github.com/ryanfowler/red/resp/writer.go:29.16,31.3 1 0
github.com/ryanfowler/red/resp/writer.go:35.52,39.16 4 0
github.com/ryanfowler/red/resp/writer.go:42.2,42.12 1 0
github.com/ryanfowler/red/resp/writer.go:39.16,41.3 1 0
github.com/ryanfowler/red/resp/writer.go:45.57,49.16 4 0
github.com/ryanfowler/red/resp/writer.go:52.2,52.12 1 0
github.com/ryanfowler/red/resp/writer.go:49.16,51.3 1 0
github.com/ryanfowler/red/resp/writer.go:55.50,59.16 4 0
github.com/ryanfowler/red/resp/writer.go:62.2,62.12 1 0
github.com/ryanfowler/red/resp/writer.go:59.16,61.3 1 0
github.com/ryanfowler/red/resp/writer.go:65.55,69.16 4 0
github.com/ryanfowler/red/resp/writer.go:72.2,72.12 1 0
github.com/ryanfowler/red/resp/writer.go:69.16,71.3 1 0
github.com/ryanfowler/red/resp/writer.go:75.46,77.16 2 0
github.com/ryanfowler/red/resp/writer.go:80.2,80.12 1 0
github.com/ryanfowler/red/resp/writer.go:77.16,79.3 1 0
github.com/ryanfowler/red/resp/writer.go:83.47,87.16 4 0
github.com/ryanfowler/red/resp/writer.go:90.2,90.12 1 0
github.com/ryanfowler/red/resp/writer.go:87.16,89.3 1 0
github.com/ryanfowler/red/resp/writer.go:92.52,96.16 4 0
github.com/ryanfowler/red/resp/writer.go:99.2,99.12 1 0
github.com/ryanfowler/red/resp/writer.go:96.16,98.3 1 0
github.com/ryanfowler/red/resp/writer.go:102.60,108.2 5 0
github.com/ryanfowler/red/resp/writer.go:110.35,112.2 1 0
